#
# A fatal error has been detected by the Java Runtime Environment:
#
#  EXCEPTION_ACCESS_VIOLATION (0xc0000005) at pc=0x0000000052438030, pid=2272, tid=0x0000000000000e4c
#
# JRE version: OpenJDK Runtime Environment (8.0_202-b03) (build 1.8.0_202-release-1483-b03)
# Java VM: OpenJDK 64-Bit Server VM (25.202-b03 mixed mode windows-amd64 compressed oops)
# Problematic frame:
# C  0x0000000052438030
#
# Failed to write core dump. Minidumps are not enabled by default on client versions of Windows
#
# If you would like to submit a bug report, please visit:
#   http://bugreport.java.com/bugreport/crash.jsp
#

---------------  T H R E A D  ---------------

Current thread (0x0000000018e12000):  JavaThread "Daemon worker" [_thread_in_vm, id=3660, stack(0x000000001a670000,0x000000001a770000)]

siginfo: ExceptionCode=0xc0000005, ExceptionInformation=0x0000000000000008 0x0000000052438030

Registers:
RAX=0x0000000000000008, RBX=0x0000000100731828, RCX=0x0000000000000018, RDX=0x0000000000000000
RSP=0x000000001a769938, RBP=0x000000001a769a70, RSI=0x0000000018e12000, RDI=0x0000000015e6e800
R8 =0x0000000019852ee8, R9 =0x00000000232da188, R10=0x0000000000000002, R11=0x0000000000000002
R12=0x0000000000000000, R13=0x0000000000000000, R14=0x0000000000000000, R15=0x0000000000000010
RIP=0x0000000052438030, EFLAGS=0x0000000000010246

Top of Stack: (sp=0x000000001a769938)
0x000000001a769938:   000000005253efe3 0000000000000000
0x000000001a769948:   000000001a769a70 0000000015e6e800
0x000000001a769958:   0000000018e12000 000000001836c0e0
0x000000001a769968:   000000005254c776 0000000000000003
0x000000001a769978:   0000000018e12001 0000000018e12000
0x000000001a769988:   0000000000000005 0000000200000000
0x000000001a769998:   0000000000000008 000000000000009d
0x000000001a7699a8:   0000000001628afe 0000000015e6ebe8
0x000000001a7699b8:   0000000015e6e850 0000000100731828
0x000000001a7699c8:   0000000000000000 0000000018e28814
0x000000001a7699d8:   0000000018e28830 0000000000000000
0x000000001a7699e8:   0000000001628ba0 000000001c0b1301
0x000000001a7699f8:   00000000023ec750 00000000023ec5c0
0x000000001a769a08:   00000000023ec7f0 0000000018e28814
0x000000001a769a18:   0000000018e28830 ffffffff00000002
0x000000001a769a28:   000000001a76a688 0000000018e12000 

Instructions: (pc=0x0000000052438030)
0x0000000052438010:   
[error occurred during error reporting (printing registers, top of stack, instructions near pc), id 0xc0000005]

Register to memory mapping:

RAX=0x0000000000000008 is an unknown value
RBX=0x0000000100731828 is pointing into metadata
RCX=0x0000000000000018 is an unknown value
RDX=0x0000000000000000 is an unknown value
RSP=0x000000001a769938 is pointing into the stack for thread: 0x0000000018e12000
RBP=0x000000001a769a70 is pointing into the stack for thread: 0x0000000018e12000
RSI=0x0000000018e12000 is a thread
RDI=0x0000000015e6e800 is an unknown value
R8 ={method} {0x0000000019852ef0} 'negate' '()Ljava/util/function/Predicate;' in 'java/util/function/Predicate'
R9 =0x00000000232da188 is pointing into metadata
R10=0x0000000000000002 is an unknown value
R11=0x0000000000000002 is an unknown value
R12=0x0000000000000000 is an unknown value
R13=0x0000000000000000 is an unknown value
R14=0x0000000000000000 is an unknown value
R15=0x0000000000000010 is an unknown value


Stack: [0x000000001a670000,0x000000001a770000],  sp=0x000000001a769938,  free space=998k
Native frames: (J=compiled Java code, j=interpreted, Vv=VM code, C=native code)
C  0x0000000052438030

Java frames: (J=compiled Java code, j=interpreted, Vv=VM code)
J 4313  sun.misc.Unsafe.defineAnonymousClass(Ljava/lang/Class;[B[Ljava/lang/Object;)Ljava/lang/Class; (0 bytes) @ 0x000000000327743c [0x00000000032773c0+0x7c]
j  java.lang.invoke.InnerClassLambdaMetafactory.spinInnerClass()Ljava/lang/Class;+511
j  java.lang.invoke.InnerClassLambdaMetafactory.buildCallSite()Ljava/lang/invoke/CallSite;+1
j  java.lang.invoke.LambdaMetafactory.metafactory(Ljava/lang/invoke/MethodHandles$Lookup;Ljava/lang/String;Ljava/lang/invoke/MethodType;Ljava/lang/invoke/MethodType;Ljava/lang/invoke/MethodHandle;Ljava/lang/invoke/MethodType;)Ljava/lang/invoke/CallSite;+31
j  java.lang.invoke.LambdaForm$DMH.invokeStatic_L6_L(Ljava/lang/Object;Ljava/lang/Object;Ljava/lang/Object;Ljava/lang/Object;Ljava/lang/Object;Ljava/lang/Object;Ljava/lang/Object;)Ljava/lang/Object;+20
j  java.lang.invoke.LambdaForm$BMH.reinvoke(Ljava/lang/Object;Ljava/lang/Object;Ljava/lang/Object;Ljava/lang/Object;Ljava/lang/Object;Ljava/lang/Object;Ljava/lang/Object;)Ljava/lang/Object;+85
j  java.lang.invoke.LambdaForm$MH.invoke_MT(Ljava/lang/Object;Ljava/lang/Object;Ljava/lang/Object;Ljava/lang/Object;Ljava/lang/Object;Ljava/lang/Object;Ljava/lang/Object;Ljava/lang/Object;)Ljava/lang/Object;+30
j  java.lang.invoke.CallSite.makeSite(Ljava/lang/invoke/MethodHandle;Ljava/lang/String;Ljava/lang/invoke/MethodType;Ljava/lang/Object;Ljava/lang/Class;)Ljava/lang/invoke/CallSite;+184
j  java.lang.invoke.MethodHandleNatives.linkCallSiteImpl(Ljava/lang/Class;Ljava/lang/invoke/MethodHandle;Ljava/lang/String;Ljava/lang/invoke/MethodType;Ljava/lang/Object;[Ljava/lang/Object;)Ljava/lang/invoke/MemberName;+6
j  java.lang.invoke.MethodHandleNatives.linkCallSite(Ljava/lang/Object;Ljava/lang/Object;Ljava/lang/Object;Ljava/lang/Object;Ljava/lang/Object;[Ljava/lang/Object;)Ljava/lang/invoke/MemberName;+45
v  ~StubRoutines::call_stub
j  com.android.build.gradle.internal.VariantManager.createTasksForVariantData(Lcom/android/build/gradle/internal/scope/VariantScope;)V+527
j  com.android.build.gradle.internal.VariantManager.createAndroidTasks()Ljava/util/List;+94
j  com.android.build.gradle.BasePlugin.createAndroidTasks()V+255
j  com.android.build.gradle.BasePlugin$$Lambda$93.call()V+4
j  com.android.builder.profile.ThreadRecorder.record(Lcom/google/wireless/android/sdk/stats/GradleBuildProfileSpan$ExecutionType;Ljava/lang/String;Ljava/lang/String;Lcom/android/builder/profile/Recorder$VoidBlock;)V+17
j  com.android.build.gradle.BasePlugin.lambda$createTasks$5(Lorg/gradle/api/Project;)V+30
j  com.android.build.gradle.BasePlugin$$Lambda$92.accept(Ljava/lang/Object;)V+8
j  com.android.build.gradle.internal.crash.CrashReporting$afterEvaluate$1.execute(Lorg/gradle/api/Project;)V+12
j  com.android.build.gradle.internal.crash.CrashReporting$afterEvaluate$1.execute(Ljava/lang/Object;)V+5
j  org.gradle.configuration.internal.DefaultListenerBuildOperationDecorator$BuildOperationEmittingAction$1$1.run()V+17
j  org.gradle.configuration.internal.DefaultUserCodeApplicationContext.reapply(Lorg/gradle/configuration/internal/UserCodeApplicationId;Ljava/lang/Runnable;)V+19
j  org.gradle.configuration.internal.DefaultListenerBuildOperationDecorator$BuildOperationEmittingAction$1.run(Lorg/gradle/internal/operations/BuildOperationContext;)V+25
J 4087 C1 org.gradle.internal.operations.DefaultBuildOperationExecutor$RunnableBuildOperationWorker.execute(Lorg/gradle/internal/operations/BuildOperation;Lorg/gradle/internal/operations/BuildOperationContext;)V (10 bytes) @ 0x000000000318aea4 [0x000000000318ac40+0x264]
j  org.gradle.internal.operations.DefaultBuildOperationExecutor$1.execute(Lorg/gradle/internal/operations/BuildOperationDescriptor;Lorg/gradle/internal/operations/DefaultBuildOperationExecutor$DefaultBuildOperationContext;Lorg/gradle/internal/operations/DefaultBuildOperationExecutor$BuildOperationExecutionListener;)Lorg/gradle/internal/operations/BuildOperation;+18
J 4029 C1 org.gradle.internal.operations.DefaultBuildOperationExecutor.execute(Lorg/gradle/internal/operations/BuildOperationDescriptor$Builder;Lorg/gradle/internal/operations/DefaultBuildOperationExecutor$BuildOperationState;Lorg/gradle/internal/operations/DefaultBuildOperationExecutor$BuildOperationExecution;)Lorg/gradle/internal/operations/BuildOperation; (111 bytes) @ 0x000000000315bc8c [0x000000000315ad00+0xf8c]
J 4027 C1 org.gradle.internal.operations.DefaultBuildOperationExecutor.execute(Lorg/gradle/internal/operations/BuildOperation;Lorg/gradle/internal/operations/BuildOperationWorker;Lorg/gradle/internal/operations/DefaultBuildOperationExecutor$BuildOperationState;)V (27 bytes) @ 0x000000000315a314 [0x000000000315a0a0+0x274]
j  org.gradle.internal.operations.DefaultBuildOperationExecutor.run(Lorg/gradle/internal/operations/RunnableBuildOperation;)V+10
j  org.gradle.configuration.internal.DefaultListenerBuildOperationDecorator$BuildOperationEmittingAction.execute(Ljava/lang/Object;)V+24
j  org.gradle.internal.event.BroadcastDispatch$ActionInvocationHandler.dispatch(Lorg/gradle/internal/dispatch/MethodInvocation;)V+27
j  org.gradle.internal.event.BroadcastDispatch$ActionInvocationHandler.dispatch(Ljava/lang/Object;)V+5
j  org.gradle.internal.event.AbstractBroadcastDispatch.dispatch(Lorg/gradle/internal/dispatch/MethodInvocation;Lorg/gradle/internal/dispatch/Dispatch;)V+2
j  org.gradle.internal.event.BroadcastDispatch$SingletonDispatch.dispatch(Lorg/gradle/internal/dispatch/MethodInvocation;)V+6
j  org.gradle.internal.event.BroadcastDispatch$SingletonDispatch.dispatch(Ljava/lang/Object;)V+5
j  org.gradle.internal.event.AbstractBroadcastDispatch.dispatch(Lorg/gradle/internal/dispatch/MethodInvocation;Ljava/util/Iterator;)V+25
j  org.gradle.internal.event.BroadcastDispatch$CompositeDispatch.dispatch(Lorg/gradle/internal/dispatch/MethodInvocation;)V+11
j  org.gradle.internal.event.BroadcastDispatch$CompositeDispatch.dispatch(Ljava/lang/Object;)V+5
j  org.gradle.internal.event.ListenerBroadcast.dispatch(Lorg/gradle/internal/dispatch/MethodInvocation;)V+5
j  org.gradle.internal.event.ListenerBroadcast.dispatch(Ljava/lang/Object;)V+5
j  org.gradle.internal.dispatch.ProxyDispatchAdapter$DispatchingInvocationHandler.invoke(Ljava/lang/Object;Ljava/lang/reflect/Method;[Ljava/lang/Object;)Ljava/lang/Object;+177
j  com.sun.proxy.$Proxy26.afterEvaluate(Lorg/gradle/api/Project;Lorg/gradle/api/ProjectState;)V+20
j  org.gradle.configuration.project.LifecycleProjectEvaluator$NotifyAfterEvaluate$1.execute(Lorg/gradle/api/ProjectEvaluationListener;)V+15
j  org.gradle.configuration.project.LifecycleProjectEvaluator$NotifyAfterEvaluate$1.execute(Ljava/lang/Object;)V+5
j  org.gradle.api.internal.project.DefaultProject.stepEvaluationListener(Lorg/gradle/api/ProjectEvaluationListener;Lorg/gradle/api/Action;)Lorg/gradle/api/ProjectEvaluationListener;+19
j  org.gradle.configuration.project.LifecycleProjectEvaluator$NotifyAfterEvaluate.run(Lorg/gradle/internal/operations/BuildOperationContext;)V+25
J 4087 C1 org.gradle.internal.operations.DefaultBuildOperationExecutor$RunnableBuildOperationWorker.execute(Lorg/gradle/internal/operations/BuildOperation;Lorg/gradle/internal/operations/BuildOperationContext;)V (10 bytes) @ 0x000000000318aea4 [0x000000000318ac40+0x264]
j  org.gradle.internal.operations.DefaultBuildOperationExecutor$1.execute(Lorg/gradle/internal/operations/BuildOperationDescriptor;Lorg/gradle/internal/operations/DefaultBuildOperationExecutor$DefaultBuildOperationContext;Lorg/gradle/internal/operations/DefaultBuildOperationExecutor$BuildOperationExecutionListener;)Lorg/gradle/internal/operations/BuildOperation;+18
J 4029 C1 org.gradle.internal.operations.DefaultBuildOperationExecutor.execute(Lorg/gradle/internal/operations/BuildOperationDescriptor$Builder;Lorg/gradle/internal/operations/DefaultBuildOperationExecutor$BuildOperationState;Lorg/gradle/internal/operations/DefaultBuildOperationExecutor$BuildOperationExecution;)Lorg/gradle/internal/operations/BuildOperation; (111 bytes) @ 0x000000000315bc8c [0x000000000315ad00+0xf8c]
J 4027 C1 org.gradle.internal.operations.DefaultBuildOperationExecutor.execute(Lorg/gradle/internal/operations/BuildOperation;Lorg/gradle/internal/operations/BuildOperationWorker;Lorg/gradle/internal/operations/DefaultBuildOperationExecutor$BuildOperationState;)V (27 bytes) @ 0x000000000315a314 [0x000000000315a0a0+0x274]
j  org.gradle.internal.operations.DefaultBuildOperationExecutor.run(Lorg/gradle/internal/operations/RunnableBuildOperation;)V+10
j  org.gradle.internal.operations.DelegatingBuildOperationExecutor.run(Lorg/gradle/internal/operations/RunnableBuildOperation;)V+5
j  org.gradle.configuration.project.LifecycleProjectEvaluator$EvaluateProject$1.run()V+141
j  org.gradle.internal.Factories$1.create()Ljava/lang/Object;+4
j  org.gradle.internal.work.DefaultWorkerLeaseService.withLocks(Ljava/lang/Iterable;Lorg/gradle/internal/Factory;)Ljava/lang/Object;+26
j  org.gradle.internal.work.StopShieldingWorkerLeaseService.withLocks(Ljava/lang/Iterable;Lorg/gradle/internal/Factory;)Ljava/lang/Object;+6
j  org.gradle.api.internal.project.DefaultProjectStateRegistry$ProjectStateImpl.withProjectLock(Lorg/gradle/internal/resources/ResourceLock;Lorg/gradle/internal/Factory;)Ljava/lang/Object;+12
j  org.gradle.api.internal.project.DefaultProjectStateRegistry$ProjectStateImpl.withMutableState(Lorg/gradle/internal/Factory;)Ljava/lang/Object;+134
j  org.gradle.api.internal.project.DefaultProjectStateRegistry$ProjectStateImpl.withMutableState(Ljava/lang/Runnable;)V+5
j  org.gradle.configuration.project.LifecycleProjectEvaluator$EvaluateProject.run(Lorg/gradle/internal/operations/BuildOperationContext;)V+18
j  org.gradle.internal.operations.DefaultBuildOperationExecutor$RunnableBuildOperationWorker.execute(Lorg/gradle/internal/operations/RunnableBuildOperation;Lorg/gradle/internal/operations/BuildOperationContext;)V+2
j  org.gradle.internal.operations.DefaultBuildOperationExecutor$RunnableBuildOperationWorker.execute(Lorg/gradle/internal/operations/BuildOperation;Lorg/gradle/internal/operations/BuildOperationContext;)V+6
j  org.gradle.internal.operations.DefaultBuildOperationExecutor$1.execute(Lorg/gradle/internal/operations/BuildOperationDescriptor;Lorg/gradle/internal/operations/DefaultBuildOperationExecutor$DefaultBuildOperationContext;Lorg/gradle/internal/operations/DefaultBuildOperationExecutor$BuildOperationExecutionListener;)Lorg/gradle/internal/operations/BuildOperation;+18
j  org.gradle.internal.operations.DefaultBuildOperationExecutor.execute(Lorg/gradle/internal/operations/BuildOperationDescriptor$Builder;Lorg/gradle/internal/operations/DefaultBuildOperationExecutor$BuildOperationState;Lorg/gradle/internal/operations/DefaultBuildOperationExecutor$BuildOperationExecution;)Lorg/gradle/internal/operations/BuildOperation;+105
j  org.gradle.internal.operations.DefaultBuildOperationExecutor.execute(Lorg/gradle/internal/operations/BuildOperation;Lorg/gradle/internal/operations/BuildOperationWorker;Lorg/gradle/internal/operations/DefaultBuildOperationExecutor$BuildOperationState;)V+22
j  org.gradle.internal.operations.DefaultBuildOperationExecutor.run(Lorg/gradle/internal/operations/RunnableBuildOperation;)V+10
j  org.gradle.internal.operations.DelegatingBuildOperationExecutor.run(Lorg/gradle/internal/operations/RunnableBuildOperation;)V+5
j  org.gradle.configuration.project.LifecycleProjectEvaluator.evaluate(Lorg/gradle/api/internal/project/ProjectInternal;Lorg/gradle/api/internal/project/ProjectStateInternal;)V+22
j  org.gradle.api.internal.project.DefaultProject.evaluate()Lorg/gradle/api/internal/project/DefaultProject;+9
j  org.gradle.api.internal.project.DefaultProject.evaluate()Lorg/gradle/api/Project;+1
j  org.gradle.execution.TaskPathProjectEvaluator.configure(Lorg/gradle/api/internal/project/ProjectInternal;)V+21
j  org.gradle.execution.TaskPathProjectEvaluator.configureHierarchy(Lorg/gradle/api/internal/project/ProjectInternal;)V+41
j  org.gradle.configuration.DefaultBuildConfigurer.configure(Lorg/gradle/api/internal/GradleInternal;)V+63
j  org.gradle.initialization.DefaultGradleLauncher$ConfigureBuild.run(Lorg/gradle/internal/operations/BuildOperationContext;)V+40
j  org.gradle.internal.operations.DefaultBuildOperationExecutor$RunnableBuildOperationWorker.execute(Lorg/gradle/internal/operations/RunnableBuildOperation;Lorg/gradle/internal/operations/BuildOperationContext;)V+2
j  org.gradle.internal.operations.DefaultBuildOperationExecutor$RunnableBuildOperationWorker.execute(Lorg/gradle/internal/operations/BuildOperation;Lorg/gradle/internal/operations/BuildOperationContext;)V+6
j  org.gradle.internal.operations.DefaultBuildOperationExecutor$1.execute(Lorg/gradle/internal/operations/BuildOperationDescriptor;Lorg/gradle/internal/operations/DefaultBuildOperationExecutor$DefaultBuildOperationContext;Lorg/gradle/internal/operations/DefaultBuildOperationExecutor$BuildOperationExecutionListener;)Lorg/gradle/internal/operations/BuildOperation;+18
j  org.gradle.internal.operations.DefaultBuildOperationExecutor.execute(Lorg/gradle/internal/operations/BuildOperationDescriptor$Builder;Lorg/gradle/internal/operations/DefaultBuildOperationExecutor$BuildOperationState;Lorg/gradle/internal/operations/DefaultBuildOperationExecutor$BuildOperationExecution;)Lorg/gradle/internal/operations/BuildOperation;+105
j  org.gradle.internal.operations.DefaultBuildOperationExecutor.execute(Lorg/gradle/internal/operations/BuildOperation;Lorg/gradle/internal/operations/BuildOperationWorker;Lorg/gradle/internal/operations/DefaultBuildOperationExecutor$BuildOperationState;)V+22
j  org.gradle.internal.operations.DefaultBuildOperationExecutor.run(Lorg/gradle/internal/operations/RunnableBuildOperation;)V+10
j  org.gradle.internal.operations.DelegatingBuildOperationExecutor.run(Lorg/gradle/internal/operations/RunnableBuildOperation;)V+5
j  org.gradle.initialization.DefaultGradleLauncher.configureBuild()V+23
j  org.gradle.initialization.DefaultGradleLauncher.doBuildStages(Lorg/gradle/initialization/DefaultGradleLauncher$Stage;)V+13
j  org.gradle.initialization.DefaultGradleLauncher.executeTasks()Lorg/gradle/api/internal/GradleInternal;+4
j  org.gradle.internal.invocation.GradleBuildController$1.execute(Lorg/gradle/initialization/GradleLauncher;)V+1
j  org.gradle.internal.invocation.GradleBuildController$1.execute(Ljava/lang/Object;)V+5
j  org.gradle.internal.invocation.GradleBuildController$3.create()Lorg/gradle/api/internal/GradleInternal;+31
j  org.gradle.internal.invocation.GradleBuildController$3.create()Ljava/lang/Object;+1
j  org.gradle.internal.work.DefaultWorkerLeaseService.withLocks(Ljava/lang/Iterable;Lorg/gradle/internal/Factory;)Ljava/lang/Object;+26
j  org.gradle.internal.work.StopShieldingWorkerLeaseService.withLocks(Ljava/lang/Iterable;Lorg/gradle/internal/Factory;)Ljava/lang/Object;+6
j  org.gradle.internal.invocation.GradleBuildController.doBuild(Lorg/gradle/api/internal/GradleInternal$BuildType;Lorg/gradle/api/Action;)Lorg/gradle/api/internal/GradleInternal;+26
j  org.gradle.internal.invocation.GradleBuildController.run()Lorg/gradle/api/internal/GradleInternal;+12
j  org.gradle.tooling.internal.provider.runner.BuildModelActionRunner.run(Lorg/gradle/internal/invocation/BuildAction;Lorg/gradle/internal/invocation/BuildController;)Lorg/gradle/internal/invocation/BuildActionRunner$Result;+78
j  org.gradle.launcher.exec.ChainingBuildActionRunner.run(Lorg/gradle/internal/invocation/BuildAction;Lorg/gradle/internal/invocation/BuildController;)Lorg/gradle/internal/invocation/BuildActionRunner$Result;+34
j  org.gradle.launcher.exec.ChainingBuildActionRunner.run(Lorg/gradle/internal/invocation/BuildAction;Lorg/gradle/internal/invocation/BuildController;)Lorg/gradle/internal/invocation/BuildActionRunner$Result;+34
j  org.gradle.launcher.exec.BuildOutcomeReportingBuildActionRunner.run(Lorg/gradle/internal/invocation/BuildAction;Lorg/gradle/internal/invocation/BuildController;)Lorg/gradle/internal/invocation/BuildActionRunner$Result;+143
j  org.gradle.tooling.internal.provider.ValidatingBuildActionRunner.run(Lorg/gradle/internal/invocation/BuildAction;Lorg/gradle/internal/invocation/BuildController;)Lorg/gradle/internal/invocation/BuildActionRunner$Result;+6
j  org.gradle.launcher.exec.BuildCompletionNotifyingBuildActionRunner.run(Lorg/gradle/internal/invocation/BuildAction;Lorg/gradle/internal/invocation/BuildController;)Lorg/gradle/internal/invocation/BuildActionRunner$Result;+28
j  org.gradle.launcher.exec.RunAsBuildOperationBuildActionRunner$3.call(Lorg/gradle/internal/operations/BuildOperationContext;)Lorg/gradle/internal/invocation/BuildActionRunner$Result;+95
j  org.gradle.launcher.exec.RunAsBuildOperationBuildActionRunner$3.call(Lorg/gradle/internal/operations/BuildOperationContext;)Ljava/lang/Object;+2
j  org.gradle.internal.operations.DefaultBuildOperationExecutor$CallableBuildOperationWorker.execute(Lorg/gradle/internal/operations/CallableBuildOperation;Lorg/gradle/internal/operations/BuildOperationContext;)V+3
j  org.gradle.internal.operations.DefaultBuildOperationExecutor$CallableBuildOperationWorker.execute(Lorg/gradle/internal/operations/BuildOperation;Lorg/gradle/internal/operations/BuildOperationContext;)V+6
j  org.gradle.internal.operations.DefaultBuildOperationExecutor$1.execute(Lorg/gradle/internal/operations/BuildOperationDescriptor;Lorg/gradle/internal/operations/DefaultBuildOperationExecutor$DefaultBuildOperationContext;Lorg/gradle/internal/operations/DefaultBuildOperationExecutor$BuildOperationExecutionListener;)Lorg/gradle/internal/operations/BuildOperation;+18
j  org.gradle.internal.operations.DefaultBuildOperationExecutor.execute(Lorg/gradle/internal/operations/BuildOperationDescriptor$Builder;Lorg/gradle/internal/operations/DefaultBuildOperationExecutor$BuildOperationState;Lorg/gradle/internal/operations/DefaultBuildOperationExecutor$BuildOperationExecution;)Lorg/gradle/internal/operations/BuildOperation;+105
j  org.gradle.internal.operations.DefaultBuildOperationExecutor.execute(Lorg/gradle/internal/operations/BuildOperation;Lorg/gradle/internal/operations/BuildOperationWorker;Lorg/gradle/internal/operations/DefaultBuildOperationExecutor$BuildOperationState;)V+22
j  org.gradle.internal.operations.DefaultBuildOperationExecutor.call(Lorg/gradle/internal/operations/CallableBuildOperation;)Ljava/lang/Object;+16
j  org.gradle.internal.operations.DelegatingBuildOperationExecutor.call(Lorg/gradle/internal/operations/CallableBuildOperation;)Ljava/lang/Object;+5
j  org.gradle.launcher.exec.RunAsBuildOperationBuildActionRunner.run(Lorg/gradle/internal/invocation/BuildAction;Lorg/gradle/internal/invocation/BuildController;)Lorg/gradle/internal/invocation/BuildActionRunner$Result;+33
j  org.gradle.launcher.exec.InProcessBuildActionExecuter$1.transform(Lorg/gradle/internal/invocation/BuildController;)Lorg/gradle/launcher/exec/BuildActionResult;+12
j  org.gradle.launcher.exec.InProcessBuildActionExecuter$1.transform(Ljava/lang/Object;)Ljava/lang/Object;+5
j  org.gradle.composite.internal.DefaultRootBuildState.run(Lorg/gradle/api/Transformer;)Ljava/lang/Object;+35
j  org.gradle.launcher.exec.InProcessBuildActionExecuter.execute(Lorg/gradle/internal/invocation/BuildAction;Lorg/gradle/initialization/BuildRequestContext;Lorg/gradle/launcher/exec/BuildActionParameters;Lorg/gradle/internal/service/ServiceRegistry;)Lorg/gradle/launcher/exec/BuildActionResult;+82
j  org.gradle.launcher.exec.InProcessBuildActionExecuter.execute(Lorg/gradle/internal/invocation/BuildAction;Lorg/gradle/initialization/BuildRequestContext;Ljava/lang/Object;Lorg/gradle/internal/service/ServiceRegistry;)Lorg/gradle/launcher/exec/BuildActionResult;+9
j  org.gradle.launcher.exec.BuildTreeScopeBuildActionExecuter.execute(Lorg/gradle/internal/invocation/BuildAction;Lorg/gradle/initialization/BuildRequestContext;Lorg/gradle/launcher/exec/BuildActionParameters;Lorg/gradle/internal/service/ServiceRegistry;)Lorg/gradle/launcher/exec/BuildActionResult;+38
j  org.gradle.launcher.exec.BuildTreeScopeBuildActionExecuter.execute(Lorg/gradle/internal/invocation/BuildAction;Lorg/gradle/initialization/BuildRequestContext;Ljava/lang/Object;Lorg/gradle/internal/service/ServiceRegistry;)Lorg/gradle/launcher/exec/BuildActionResult;+9
j  org.gradle.tooling.internal.provider.ContinuousBuildActionExecuter.execute(Lorg/gradle/internal/invocation/BuildAction;Lorg/gradle/initialization/BuildRequestContext;Lorg/gradle/launcher/exec/BuildActionParameters;Lorg/gradle/internal/service/ServiceRegistry;)Lorg/gradle/launcher/exec/BuildActionResult;+58
j  org.gradle.tooling.internal.provider.ContinuousBuildActionExecuter.execute(Lorg/gradle/internal/invocation/BuildAction;Lorg/gradle/initialization/BuildRequestContext;Ljava/lang/Object;Lorg/gradle/internal/service/ServiceRegistry;)Lorg/gradle/launcher/exec/BuildActionResult;+9
j  org.gradle.tooling.internal.provider.SubscribableBuildActionExecuter.execute(Lorg/gradle/internal/invocation/BuildAction;Lorg/gradle/initialization/BuildRequestContext;Lorg/gradle/launcher/exec/BuildActionParameters;Lorg/gradle/internal/service/ServiceRegistry;)Lorg/gradle/launcher/exec/BuildActionResult;+45
j  org.gradle.tooling.internal.provider.SubscribableBuildActionExecuter.execute(Lorg/gradle/internal/invocation/BuildAction;Lorg/gradle/initialization/BuildRequestContext;Ljava/lang/Object;Lorg/gradle/internal/service/ServiceRegistry;)Lorg/gradle/launcher/exec/BuildActionResult;+9
j  org.gradle.tooling.internal.provider.SessionScopeBuildActionExecuter.execute(Lorg/gradle/internal/invocation/BuildAction;Lorg/gradle/initialization/BuildRequestContext;Lorg/gradle/launcher/exec/BuildActionParameters;Lorg/gradle/internal/service/ServiceRegistry;)Lorg/gradle/launcher/exec/BuildActionResult;+117
j  org.gradle.tooling.internal.provider.SessionScopeBuildActionExecuter.execute(Lorg/gradle/internal/invocation/BuildAction;Lorg/gradle/initialization/BuildRequestContext;Ljava/lang/Object;Lorg/gradle/internal/service/ServiceRegistry;)Lorg/gradle/launcher/exec/BuildActionResult;+9
j  org.gradle.tooling.internal.provider.GradleThreadBuildActionExecuter.execute(Lorg/gradle/internal/invocation/BuildAction;Lorg/gradle/initialization/BuildRequestContext;Lorg/gradle/launcher/exec/BuildActionParameters;Lorg/gradle/internal/service/ServiceRegistry;)Lorg/gradle/launcher/exec/BuildActionResult;+12
j  org.gradle.tooling.internal.provider.GradleThreadBuildActionExecuter.execute(Lorg/gradle/internal/invocation/BuildAction;Lorg/gradle/initialization/BuildRequestContext;Ljava/lang/Object;Lorg/gradle/internal/service/ServiceRegistry;)Lorg/gradle/launcher/exec/BuildActionResult;+9
j  org.gradle.tooling.internal.provider.ParallelismConfigurationBuildActionExecuter.execute(Lorg/gradle/internal/invocation/BuildAction;Lorg/gradle/initialization/BuildRequestContext;Lorg/gradle/launcher/exec/BuildActionParameters;Lorg/gradle/internal/service/ServiceRegistry;)Lorg/gradle/launcher/exec/BuildActionResult;+43
j  org.gradle.tooling.internal.provider.ParallelismConfigurationBuildActionExecuter.execute(Lorg/gradle/internal/invocation/BuildAction;Lorg/gradle/initialization/BuildRequestContext;Ljava/lang/Object;Lorg/gradle/internal/service/ServiceRegistry;)Lorg/gradle/launcher/exec/BuildActionResult;+9
j  org.gradle.tooling.internal.provider.StartParamsValidatingActionExecuter.execute(Lorg/gradle/internal/invocation/BuildAction;Lorg/gradle/initialization/BuildRequestContext;Lorg/gradle/launcher/exec/BuildActionParameters;Lorg/gradle/internal/service/ServiceRegistry;)Lorg/gradle/launcher/exec/BuildActionResult;+177
j  org.gradle.tooling.internal.provider.StartParamsValidatingActionExecuter.execute(Lorg/gradle/internal/invocation/BuildAction;Lorg/gradle/initialization/BuildRequestContext;Ljava/lang/Object;Lorg/gradle/internal/service/ServiceRegistry;)Lorg/gradle/launcher/exec/BuildActionResult;+9
j  org.gradle.tooling.internal.provider.SessionFailureReportingActionExecuter.execute(Lorg/gradle/internal/invocation/BuildAction;Lorg/gradle/initialization/BuildRequestContext;Lorg/gradle/launcher/exec/BuildActionParameters;Lorg/gradle/internal/service/ServiceRegistry;)Lorg/gradle/launcher/exec/BuildActionResult;+9
j  org.gradle.tooling.internal.provider.SessionFailureReportingActionExecuter.execute(Lorg/gradle/internal/invocation/BuildAction;Lorg/gradle/initialization/BuildRequestContext;Ljava/lang/Object;Lorg/gradle/internal/service/ServiceRegistry;)Lorg/gradle/launcher/exec/BuildActionResult;+9
j  org.gradle.tooling.internal.provider.SetupLoggingActionExecuter.execute(Lorg/gradle/internal/invocation/BuildAction;Lorg/gradle/initialization/BuildRequestContext;Lorg/gradle/launcher/exec/BuildActionParameters;Lorg/gradle/internal/service/ServiceRegistry;)Lorg/gradle/launcher/exec/BuildActionResult;+52
j  org.gradle.tooling.internal.provider.SetupLoggingActionExecuter.execute(Lorg/gradle/internal/invocation/BuildAction;Lorg/gradle/initialization/BuildRequestContext;Ljava/lang/Object;Lorg/gradle/internal/service/ServiceRegistry;)Lorg/gradle/launcher/exec/BuildActionResult;+9
j  org.gradle.launcher.daemon.server.exec.ExecuteBuild.doBuild(Lorg/gradle/launcher/daemon/server/api/DaemonCommandExecution;Lorg/gradle/launcher/daemon/protocol/Build;)V+118
j  org.gradle.launcher.daemon.server.exec.BuildCommandOnly.execute(Lorg/gradle/launcher/daemon/server/api/DaemonCommandExecution;)V+49
j  org.gradle.launcher.daemon.server.api.DaemonCommandExecution.proceed()Z+28
j  org.gradle.launcher.daemon.server.exec.WatchForDisconnection.execute(Lorg/gradle/launcher/daemon/server/api/DaemonCommandExecution;)V+19
j  org.gradle.launcher.daemon.server.api.DaemonCommandExecution.proceed()Z+28
j  org.gradle.launcher.daemon.server.exec.ResetDeprecationLogger.execute(Lorg/gradle/launcher/daemon/server/api/DaemonCommandExecution;)V+4
j  org.gradle.launcher.daemon.server.api.DaemonCommandExecution.proceed()Z+28
j  org.gradle.launcher.daemon.server.exec.RequestStopIfSingleUsedDaemon.execute(Lorg/gradle/launcher/daemon/server/api/DaemonCommandExecution;)V+33
j  org.gradle.launcher.daemon.server.api.DaemonCommandExecution.proceed()Z+28
j  org.gradle.launcher.daemon.server.exec.ForwardClientInput$2.call()Ljava/lang/Void;+4
j  org.gradle.launcher.daemon.server.exec.ForwardClientInput$2.call()Ljava/lang/Object;+1
j  org.gradle.util.Swapper.swap(Ljava/lang/Object;Ljava/util/concurrent/Callable;)Ljava/lang/Object;+21
j  org.gradle.launcher.daemon.server.exec.ForwardClientInput.execute(Lorg/gradle/launcher/daemon/server/api/DaemonCommandExecution;)V+63
j  org.gradle.launcher.daemon.server.api.DaemonCommandExecution.proceed()Z+28
j  org.gradle.launcher.daemon.server.exec.LogAndCheckHealth.execute(Lorg/gradle/launcher/daemon/server/api/DaemonCommandExecution;)V+28
j  org.gradle.launcher.daemon.server.api.DaemonCommandExecution.proceed()Z+28
j  org.gradle.launcher.daemon.server.exec.LogToClient.doBuild(Lorg/gradle/launcher/daemon/server/api/DaemonCommandExecution;Lorg/gradle/launcher/daemon/protocol/Build;)V+87
j  org.gradle.launcher.daemon.server.exec.BuildCommandOnly.execute(Lorg/gradle/launcher/daemon/server/api/DaemonCommandExecution;)V+49
j  org.gradle.launcher.daemon.server.api.DaemonCommandExecution.proceed()Z+28
j  org.gradle.launcher.daemon.server.exec.EstablishBuildEnvironment.doBuild(Lorg/gradle/launcher/daemon/server/api/DaemonCommandExecution;Lorg/gradle/launcher/daemon/protocol/Build;)V+351
j  org.gradle.launcher.daemon.server.exec.BuildCommandOnly.execute(Lorg/gradle/launcher/daemon/server/api/DaemonCommandExecution;)V+49
j  org.gradle.launcher.daemon.server.api.DaemonCommandExecution.proceed()Z+28
j  org.gradle.launcher.daemon.server.exec.StartBuildOrRespondWithBusy$1.run()V+44
j  org.gradle.launcher.daemon.server.DaemonStateCoordinator$1.run()V+4
j  org.gradle.internal.concurrent.ExecutorPolicy$CatchAndRecordFailures.onExecute(Ljava/lang/Runnable;)V+1
j  org.gradle.internal.concurrent.ManagedExecutorImpl$1.run()V+25
j  java.util.concurrent.ThreadPoolExecutor.runWorker(Ljava/util/concurrent/ThreadPoolExecutor$Worker;)V+95
j  java.util.concurrent.ThreadPoolExecutor$Worker.run()V+5
j  org.gradle.internal.concurrent.ThreadFactoryImpl$ManagedThreadRunnable.run()V+7
j  java.lang.Thread.run()V+11
v  ~StubRoutines::call_stub

---------------  P R O C E S S  ---------------

Java Threads: ( => current thread )
  0x000000001f2bb800 JavaThread "Cache worker for Build Output Cleanup Cache (C:\Users\mateu\animalappproject\AnimalApp\.gradle\buildOutputCleanup)" [_thread_blocked, id=4060, stack(0x0000000021eb0000,0x0000000021fb0000)]
  0x000000001f2b5000 JavaThread "Build operations Thread 4" [_thread_blocked, id=2952, stack(0x00000000217b0000,0x00000000218b0000)]
  0x000000001f2bb000 JavaThread "Build operations Thread 3" [_thread_blocked, id=1576, stack(0x00000000216b0000,0x00000000217b0000)]
  0x000000001f2b9800 JavaThread "Build operations Thread 2" [_thread_blocked, id=5664, stack(0x00000000215b0000,0x00000000216b0000)]
  0x000000001f2ba000 JavaThread "Build operations" [_thread_blocked, id=5332, stack(0x0000000021020000,0x0000000021120000)]
  0x000000001f2b8800 JavaThread "Cache worker for execution history cache (C:\Users\mateu\.gradle\caches\5.4.1\executionHistory)" [_thread_blocked, id=2068, stack(0x0000000020f20000,0x0000000021020000)]
  0x000000001f2b8000 JavaThread "Cache worker for cache directory md-rule (C:\Users\mateu\.gradle\caches\5.4.1\md-rule)" [_thread_blocked, id=3872, stack(0x0000000020b00000,0x0000000020c00000)]
  0x000000001f2b4000 JavaThread "Cache worker for cache directory md-supplier (C:\Users\mateu\.gradle\caches\5.4.1\md-supplier)" [_thread_blocked, id=2784, stack(0x0000000020a00000,0x0000000020b00000)]
  0x0000000019315800 JavaThread "Cache worker for file hash cache (C:\Users\mateu\animalappproject\AnimalApp\.gradle\5.4.1\fileHashes)" [_thread_blocked, id=2768, stack(0x000000001e0e0000,0x000000001e1e0000)]
  0x0000000019311000 JavaThread "Cache worker for journal cache (C:\Users\mateu\.gradle\caches\journal-1)" [_thread_blocked, id=5612, stack(0x000000001ac70000,0x000000001ad70000)]
  0x0000000019310000 JavaThread "File lock request listener" [_thread_in_native, id=3252, stack(0x000000001ab70000,0x000000001ac70000)]
  0x0000000019314000 JavaThread "Cache worker for file hash cache (C:\Users\mateu\.gradle\caches\5.4.1\fileHashes)" [_thread_blocked, id=3656, stack(0x000000001aa70000,0x000000001ab70000)]
  0x00000000191b1000 JavaThread "Thread-9" [_thread_blocked, id=3652, stack(0x000000001a970000,0x000000001aa70000)]
  0x00000000191a8000 JavaThread "Stdin handler" [_thread_blocked, id=3680, stack(0x000000001a870000,0x000000001a970000)]
  0x0000000018e13000 JavaThread "Asynchronous log dispatcher for DefaultDaemonConnection: socket connection from /127.0.0.1:49806 to /127.0.0.1:49807" [_thread_blocked, id=3664, stack(0x000000001a770000,0x000000001a870000)]
=>0x0000000018e12000 JavaThread "Daemon worker" [_thread_in_vm, id=3660, stack(0x000000001a670000,0x000000001a770000)]
  0x0000000018e0f800 JavaThread "Cancel handler" [_thread_blocked, id=6248, stack(0x000000001a570000,0x000000001a670000)]
  0x000000001907a000 JavaThread "Handler for socket connection from /127.0.0.1:49806 to /127.0.0.1:49807" [_thread_in_native, id=4356, stack(0x000000001a270000,0x000000001a370000)]
  0x0000000019076000 JavaThread "Daemon" [_thread_blocked, id=2228, stack(0x000000001a170000,0x000000001a270000)]
  0x0000000018f20000 JavaThread "Daemon periodic checks" [_thread_blocked, id=6768, stack(0x000000001a070000,0x000000001a170000)]
  0x0000000018f0f000 JavaThread "Incoming local TCP Connector on port 49806" [_thread_in_native, id=5752, stack(0x0000000019bb0000,0x0000000019cb0000)]
  0x0000000018e62800 JavaThread "Daemon health stats" [_thread_blocked, id=5012, stack(0x0000000019570000,0x0000000019670000)]
  0x00000000177a8800 JavaThread "Service Thread" daemon [_thread_blocked, id=2176, stack(0x0000000017ba0000,0x0000000017ca0000)]
  0x0000000015e5d000 JavaThread "C1 CompilerThread2" daemon [_thread_blocked, id=3696, stack(0x00000000176a0000,0x00000000177a0000)]
  0x0000000015e58800 JavaThread "C2 CompilerThread1" daemon [_thread_blocked, id=4140, stack(0x00000000175a0000,0x00000000176a0000)]
  0x0000000015e54800 JavaThread "C2 CompilerThread0" daemon [_thread_blocked, id=2628, stack(0x00000000174a0000,0x00000000175a0000)]
  0x0000000015e53000 JavaThread "Attach Listener" daemon [_thread_blocked, id=3712, stack(0x00000000173a0000,0x00000000174a0000)]
  0x0000000015e52000 JavaThread "Signal Dispatcher" daemon [_thread_blocked, id=3616, stack(0x00000000172a0000,0x00000000173a0000)]
  0x00000000024d5000 JavaThread "Finalizer" daemon [_thread_blocked, id=2356, stack(0x00000000170a0000,0x00000000171a0000)]
  0x0000000015e39000 JavaThread "Reference Handler" daemon [_thread_blocked, id=3920, stack(0x0000000016fa0000,0x00000000170a0000)]
  0x000000000225d800 JavaThread "main" [_thread_blocked, id=5824, stack(0x00000000022e0000,0x00000000023e0000)]

Other Threads:
  0x0000000015e15800 VMThread [stack: 0x0000000016ea0000,0x0000000016fa0000] [id=2316]
  0x0000000015eae800 WatcherThread [stack: 0x0000000017ca0000,0x0000000017da0000] [id=3708]

VM state:not at safepoint (normal execution)

VM Mutex/Monitor currently owned by a thread: None

heap address: 0x00000000a0000000, size: 1536 MB, Compressed Oops mode: 32-bit
Narrow klass base: 0x0000000000000000, Narrow klass shift: 3
Compressed class space size: 1073741824 Address: 0x0000000100000000

Heap:
 PSYoungGen      total 169984K, used 64739K [0x00000000e0000000, 0x00000000f0900000, 0x0000000100000000)
  eden space 156672K, 32% used [0x00000000e0000000,0x00000000e323aa98,0x00000000e9900000)
  from space 13312K, 99% used [0x00000000e9900000,0x00000000ea5fe318,0x00000000ea600000)
  to   space 17408K, 0% used [0x00000000ef800000,0x00000000ef800000,0x00000000f0900000)
 ParOldGen       total 151552K, used 21914K [0x00000000a0000000, 0x00000000a9400000, 0x00000000e0000000)
  object space 151552K, 14% used [0x00000000a0000000,0x00000000a1566b18,0x00000000a9400000)
 Metaspace       used 51966K, capacity 53256K, committed 53464K, reserved 1095680K
  class space    used 7009K, capacity 7367K, committed 7424K, reserved 1048576K

Card table byte_map: [0x00000000118a0000,0x0000000011bb0000] byte_map_base: 0x00000000113a0000

Marking Bits: (ParMarkBitMap*) 0x0000000052c29f30
 Begin Bits: [0x00000000121b0000, 0x00000000139b0000)
 End Bits:   [0x00000000139b0000, 0x00000000151b0000)

Polling page: 0x0000000000c50000

CodeCache: size=245760Kb used=13926Kb max_used=14976Kb free=231833Kb
 bounds [0x00000000024e0000, 0x0000000003390000, 0x00000000114e0000]
 total_blobs=4873 nmethods=4099 adapters=686
 compilation: enabled

Compilation events (10 events):
Event: 7.452 Thread 0x0000000015e58800 4644       4       sun.reflect.ClassFileAssembler::cpi (22 bytes)
Event: 7.452 Thread 0x0000000015e5d000 nmethod 4643 0x0000000002635710 code [0x0000000002635860, 0x0000000002635a10]
Event: 7.453 Thread 0x0000000015e5d000 4645       1       com.android.build.gradle.internal.scope.VariantScopeImpl::getArtifacts (5 bytes)
Event: 7.453 Thread 0x0000000015e58800 nmethod 4644 0x000000000274a350 code [0x000000000274a480, 0x000000000274a4f8]
Event: 7.453 Thread 0x0000000015e5d000 nmethod 4645 0x0000000002867ad0 code [0x0000000002867c20, 0x0000000002867d30]
Event: 7.453 Thread 0x0000000015e54800 4646       4       com.google.common.collect.ObjectArrays::checkElementNotNull (33 bytes)
Event: 7.453 Thread 0x0000000015e5d000 4647       3       org.gradle.tooling.internal.provider.runner.ClientForwardingTestOperationListener::started (107 bytes)
Event: 7.453 Thread 0x0000000015e54800 nmethod 4646 0x0000000002707c10 code [0x0000000002707d40, 0x0000000002707d98]
Event: 7.454 Thread 0x0000000015e5d000 nmethod 4647 0x000000000269de50 code [0x000000000269e100, 0x000000000269f688]
Event: 7.454 Thread 0x0000000015e5d000 4648   !   3       com.google.common.cache.LocalCache$LocalLoadingCache::getUnchecked (19 bytes)

GC Heap History (10 events):
Event: 3.304 GC heap before
{Heap before GC invocations=5 (full 1):
 PSYoungGen      total 76288K, used 65536K [0x00000000e0000000, 0x00000000e9500000, 0x0000000100000000)
  eden space 65536K, 100% used [0x00000000e0000000,0x00000000e4000000,0x00000000e4000000)
  from space 10752K, 0% used [0x00000000e4000000,0x00000000e4000000,0x00000000e4a80000)
  to   space 10752K, 0% used [0x00000000e8a80000,0x00000000e8a80000,0x00000000e9500000)
 ParOldGen       total 104448K, used 10955K [0x00000000a0000000, 0x00000000a6600000, 0x00000000e0000000)
  object space 104448K, 10% used [0x00000000a0000000,0x00000000a0ab2e68,0x00000000a6600000)
 Metaspace       used 28589K, capacity 29008K, committed 29440K, reserved 1075200K
  class space    used 3854K, capacity 4015K, committed 4096K, reserved 1048576K
Event: 3.311 GC heap after
Heap after GC invocations=5 (full 1):
 PSYoungGen      total 109568K, used 7610K [0x00000000e0000000, 0x00000000e9200000, 0x0000000100000000)
  eden space 101888K, 0% used [0x00000000e0000000,0x00000000e0000000,0x00000000e6380000)
  from space 7680K, 99% used [0x00000000e8a80000,0x00000000e91ee830,0x00000000e9200000)
  to   space 10752K, 0% used [0x00000000e7d00000,0x00000000e7d00000,0x00000000e8780000)
 ParOldGen       total 104448K, used 10963K [0x00000000a0000000, 0x00000000a6600000, 0x00000000e0000000)
  object space 104448K, 10% used [0x00000000a0000000,0x00000000a0ab4e68,0x00000000a6600000)
 Metaspace       used 28589K, capacity 29008K, committed 29440K, reserved 1075200K
  class space    used 3854K, capacity 4015K, committed 4096K, reserved 1048576K
}
Event: 4.405 GC heap before
{Heap before GC invocations=6 (full 1):
 PSYoungGen      total 109568K, used 109498K [0x00000000e0000000, 0x00000000e9200000, 0x0000000100000000)
  eden space 101888K, 100% used [0x00000000e0000000,0x00000000e6380000,0x00000000e6380000)
  from space 7680K, 99% used [0x00000000e8a80000,0x00000000e91ee830,0x00000000e9200000)
  to   space 10752K, 0% used [0x00000000e7d00000,0x00000000e7d00000,0x00000000e8780000)
 ParOldGen       total 104448K, used 10963K [0x00000000a0000000, 0x00000000a6600000, 0x00000000e0000000)
  object space 104448K, 10% used [0x00000000a0000000,0x00000000a0ab4e68,0x00000000a6600000)
 Metaspace       used 33771K, capacity 34374K, committed 34560K, reserved 1079296K
  class space    used 4630K, capacity 4788K, committed 4864K, reserved 1048576K
Event: 4.419 GC heap after
Heap after GC invocations=6 (full 1):
 PSYoungGen      total 138752K, used 10737K [0x00000000e0000000, 0x00000000eb380000, 0x0000000100000000)
  eden space 128000K, 0% used [0x00000000e0000000,0x00000000e0000000,0x00000000e7d00000)
  from space 10752K, 99% used [0x00000000e7d00000,0x00000000e877c668,0x00000000e8780000)
  to   space 13824K, 0% used [0x00000000ea600000,0x00000000ea600000,0x00000000eb380000)
 ParOldGen       total 104448K, used 11830K [0x00000000a0000000, 0x00000000a6600000, 0x00000000e0000000)
  object space 104448K, 11% used [0x00000000a0000000,0x00000000a0b8db20,0x00000000a6600000)
 Metaspace       used 33771K, capacity 34374K, committed 34560K, reserved 1079296K
  class space    used 4630K, capacity 4788K, committed 4864K, reserved 1048576K
}
Event: 4.780 GC heap before
{Heap before GC invocations=7 (full 1):
 PSYoungGen      total 138752K, used 31854K [0x00000000e0000000, 0x00000000eb380000, 0x0000000100000000)
  eden space 128000K, 16% used [0x00000000e0000000,0x00000000e149f348,0x00000000e7d00000)
  from space 10752K, 99% used [0x00000000e7d00000,0x00000000e877c668,0x00000000e8780000)
  to   space 13824K, 0% used [0x00000000ea600000,0x00000000ea600000,0x00000000eb380000)
 ParOldGen       total 104448K, used 11830K [0x00000000a0000000, 0x00000000a6600000, 0x00000000e0000000)
  object space 104448K, 11% used [0x00000000a0000000,0x00000000a0b8db20,0x00000000a6600000)
 Metaspace       used 34617K, capacity 35274K, committed 35416K, reserved 1079296K
  class space    used 4744K, capacity 4938K, committed 4992K, reserved 1048576K
Event: 4.801 GC heap after
Heap after GC invocations=7 (full 1):
 PSYoungGen      total 170496K, used 8949K [0x00000000e0000000, 0x00000000ee600000, 0x0000000100000000)
  eden space 156672K, 0% used [0x00000000e0000000,0x00000000e0000000,0x00000000e9900000)
  from space 13824K, 64% used [0x00000000ea600000,0x00000000eaebd628,0x00000000eb380000)
  to   space 13312K, 0% used [0x00000000e9900000,0x00000000e9900000,0x00000000ea600000)
 ParOldGen       total 104448K, used 11838K [0x00000000a0000000, 0x00000000a6600000, 0x00000000e0000000)
  object space 104448K, 11% used [0x00000000a0000000,0x00000000a0b8fb20,0x00000000a6600000)
 Metaspace       used 34617K, capacity 35274K, committed 35416K, reserved 1079296K
  class space    used 4744K, capacity 4938K, committed 4992K, reserved 1048576K
}
Event: 4.801 GC heap before
{Heap before GC invocations=8 (full 2):
 PSYoungGen      total 170496K, used 8949K [0x00000000e0000000, 0x00000000ee600000, 0x0000000100000000)
  eden space 156672K, 0% used [0x00000000e0000000,0x00000000e0000000,0x00000000e9900000)
  from space 13824K, 64% used [0x00000000ea600000,0x00000000eaebd628,0x00000000eb380000)
  to   space 13312K, 0% used [0x00000000e9900000,0x00000000e9900000,0x00000000ea600000)
 ParOldGen       total 104448K, used 11838K [0x00000000a0000000, 0x00000000a6600000, 0x00000000e0000000)
  object space 104448K, 11% used [0x00000000a0000000,0x00000000a0b8fb20,0x00000000a6600000)
 Metaspace       used 34617K, capacity 35274K, committed 35416K, reserved 1079296K
  class space    used 4744K, capacity 4938K, committed 4992K, reserved 1048576K
Event: 4.867 GC heap after
Heap after GC invocations=8 (full 2):
 PSYoungGen      total 170496K, used 0K [0x00000000e0000000, 0x00000000ee600000, 0x0000000100000000)
  eden space 156672K, 0% used [0x00000000e0000000,0x00000000e0000000,0x00000000e9900000)
  from space 13824K, 0% used [0x00000000ea600000,0x00000000ea600000,0x00000000eb380000)
  to   space 13312K, 0% used [0x00000000e9900000,0x00000000e9900000,0x00000000ea600000)
 ParOldGen       total 151552K, used 16356K [0x00000000a0000000, 0x00000000a9400000, 0x00000000e0000000)
  object space 151552K, 10% used [0x00000000a0000000,0x00000000a0ff90a0,0x00000000a9400000)
 Metaspace       used 34615K, capacity 35268K, committed 35416K, reserved 1079296K
  class space    used 4743K, capacity 4937K, committed 4992K, reserved 1048576K
}
Event: 6.818 GC heap before
{Heap before GC invocations=9 (full 2):
 PSYoungGen      total 170496K, used 156672K [0x00000000e0000000, 0x00000000ee600000, 0x0000000100000000)
  eden space 156672K, 100% used [0x00000000e0000000,0x00000000e9900000,0x00000000e9900000)
  from space 13824K, 0% used [0x00000000ea600000,0x00000000ea600000,0x00000000eb380000)
  to   space 13312K, 0% used [0x00000000e9900000,0x00000000e9900000,0x00000000ea600000)
 ParOldGen       total 151552K, used 16356K [0x00000000a0000000, 0x00000000a9400000, 0x00000000e0000000)
  object space 151552K, 10% used [0x00000000a0000000,0x00000000a0ff90a0,0x00000000a9400000)
 Metaspace       used 48244K, capacity 49420K, committed 49496K, reserved 1091584K
  class space    used 6465K, capacity 6773K, committed 6784K, reserved 1048576K
Event: 6.834 GC heap after
Heap after GC invocations=9 (full 2):
 PSYoungGen      total 169984K, used 13304K [0x00000000e0000000, 0x00000000f0900000, 0x0000000100000000)
  eden space 156672K, 0% used [0x00000000e0000000,0x00000000e0000000,0x00000000e9900000)
  from space 13312K, 99% used [0x00000000e9900000,0x00000000ea5fe318,0x00000000ea600000)
  to   space 17408K, 0% used [0x00000000ef800000,0x00000000ef800000,0x00000000f0900000)
 ParOldGen       total 151552K, used 21914K [0x00000000a0000000, 0x00000000a9400000, 0x00000000e0000000)
  object space 151552K, 14% used [0x00000000a0000000,0x00000000a1566b18,0x00000000a9400000)
 Metaspace       used 48244K, capacity 49420K, committed 49496K, reserved 1091584K
  class space    used 6465K, capacity 6773K, committed 6784K, reserved 1048576K
}

Deoptimization events (10 events):
Event: 5.725 Thread 0x0000000018e12000 Uncommon trap: reason=bimorphic action=maybe_recompile pc=0x0000000002fe22e8 method=sun.misc.Resource.getBytes()[B @ 181
Event: 5.767 Thread 0x0000000018e12000 Uncommon trap: reason=unstable_if action=reinterpret pc=0x0000000002d5b4e4 method=org.objectweb.asm.ByteVector.putUTF8(Ljava/lang/String;)Lorg/objectweb/asm/ByteVector; @ 93
Event: 5.873 Thread 0x0000000018e12000 Uncommon trap: reason=unstable_if action=reinterpret pc=0x000000000260afe0 method=java.util.concurrent.ConcurrentHashMap.addCount(JI)V @ 110
Event: 5.937 Thread 0x0000000018e12000 Uncommon trap: reason=unstable_if action=reinterpret pc=0x0000000002cc2330 method=java.util.concurrent.ConcurrentHashMap.addCount(JI)V @ 110
Event: 6.146 Thread 0x0000000018e12000 Uncommon trap: reason=unstable_if action=reinterpret pc=0x0000000002d4d7d0 method=org.gradle.internal.reflect.PropertyAccessorType.of(Ljava/lang/reflect/Method;)Lorg/gradle/internal/reflect/PropertyAccessorType; @ 56
Event: 6.282 Thread 0x0000000018e12000 Uncommon trap: reason=unstable_if action=reinterpret pc=0x0000000002a77224 method=java.lang.String.lastIndexOf([CII[CIII)I @ 17
Event: 6.282 Thread 0x0000000018e12000 Uncommon trap: reason=unstable_if action=reinterpret pc=0x0000000002dedf60 method=sun.net.www.protocol.jar.Handler.parseURL(Ljava/net/URL;Ljava/lang/String;II)V @ 94
Event: 6.397 Thread 0x0000000018e12000 Uncommon trap: reason=unstable_if action=reinterpret pc=0x0000000002e2f384 method=org.codehaus.groovy.runtime.metaclass.MetaMethodIndex.isNonRealMethod(Lgroovy/lang/MetaMethod;)Z @ 4
Event: 6.397 Thread 0x0000000018e12000 Uncommon trap: reason=unstable_if action=reinterpret pc=0x00000000029e9604 method=groovy.lang.MetaClassImpl$1MOPIter.methodNameAction(Ljava/lang/Class;Lorg/codehaus/groovy/runtime/metaclass/MetaMethodIndex$Entry;)V @ 182
Event: 6.647 Thread 0x0000000018e12000 Uncommon trap: reason=unstable_if action=reinterpret pc=0x000000000304f330 method=org.gradle.internal.instantiation.AbstractClassGenerator$InjectionAnnotationValidator.validateMethod(Ljava/lang/reflect/Method;Lorg/gradle/internal/reflect/PropertyAccessorT

Classes redefined (0 events):
No events

Internal exceptions (10 events):
Event: 6.552 Thread 0x0000000018e12000 Exception <a 'java/lang/ClassNotFoundException': org/gradle/api/plugins/BasePluginConventionCustomizer> (0x00000000e8d7c730) thrown at [D:\src\AOSP-openjdk-cygwin\jdk8u\hotspot\src\share\vm\classfile\systemDictionary.cpp, line 210]
Event: 6.553 Thread 0x0000000018e12000 Exception <a 'java/lang/ClassNotFoundException': org/gradle/api/plugins/internal/DefaultBasePluginConventionCustomizer> (0x00000000e8de19e0) thrown at [D:\src\AOSP-openjdk-cygwin\jdk8u\hotspot\src\share\vm\classfile\systemDictionary.cpp, line 210]
Event: 6.555 Thread 0x0000000018e12000 Exception <a 'java/lang/ClassNotFoundException': org/gradle/api/plugins/internal/DefaultJavaPluginConventionBeanInfo> (0x00000000e8e86d20) thrown at [D:\src\AOSP-openjdk-cygwin\jdk8u\hotspot\src\share\vm\classfile\systemDictionary.cpp, line 210]
Event: 6.555 Thread 0x0000000018e12000 Exception <a 'java/lang/ClassNotFoundException': org/gradle/api/plugins/JavaPluginConventionBeanInfo> (0x00000000e8ecb958) thrown at [D:\src\AOSP-openjdk-cygwin\jdk8u\hotspot\src\share\vm\classfile\systemDictionary.cpp, line 210]
Event: 6.556 Thread 0x0000000018e12000 Exception <a 'java/lang/ClassNotFoundException': org/gradle/api/plugins/JavaPluginConventionCustomizer> (0x00000000e8f11798) thrown at [D:\src\AOSP-openjdk-cygwin\jdk8u\hotspot\src\share\vm\classfile\systemDictionary.cpp, line 210]
Event: 6.557 Thread 0x0000000018e12000 Exception <a 'java/lang/ClassNotFoundException': org/gradle/api/plugins/internal/DefaultJavaPluginConventionCustomizer> (0x00000000e8f82a28) thrown at [D:\src\AOSP-openjdk-cygwin\jdk8u\hotspot\src\share\vm\classfile\systemDictionary.cpp, line 210]
Event: 6.800 Thread 0x0000000018e12000 Exception <a 'java/lang/NoSuchMethodError': java.lang.Object.lambda$comparing$77a9974f$1(Ljava/util/function/Function;Ljava/lang/Object;Ljava/lang/Object;)I> (0x00000000e9815718) thrown at [D:\src\AOSP-openjdk-cygwin\jdk8u\hotspot\src\share\vm\interpreter
Event: 6.801 Thread 0x0000000018e12000 Exception <a 'java/lang/NoSuchMethodError': java.lang.Object.lambda$comparingInt$7b0bb60$1(Ljava/util/function/ToIntFunction;Ljava/lang/Object;Ljava/lang/Object;)I> (0x00000000e981fc50) thrown at [D:\src\AOSP-openjdk-cygwin\jdk8u\hotspot\src\share\vm\inte
Event: 6.801 Thread 0x0000000018e12000 Exception <a 'java/lang/NoSuchMethodError': java.lang.Object.lambda$thenComparing$36697e65$1(Ljava/util/Comparator;Ljava/lang/Object;Ljava/lang/Object;)I> (0x00000000e98287d8) thrown at [D:\src\AOSP-openjdk-cygwin\jdk8u\hotspot\src\share\vm\interpreter\li
Event: 6.803 Thread 0x0000000018e12000 Exception <a 'java/lang/NoSuchMethodError': java.lang.Object.lambda$comparing$ea9a8b3a$1(Ljava/util/Comparator;Ljava/util/function/Function;Ljava/lang/Object;Ljava/lang/Object;)I> (0x00000000e98361c0) thrown at [D:\src\AOSP-openjdk-cygwin\jdk8u\hotspot\sr

Events (10 events):
Event: 7.449 loading class com/android/build/gradle/internal/scope/VariantScope
Event: 7.449 loading class com/android/build/gradle/internal/scope/VariantScope done
Event: 7.449 loading class org/gradle/api/tasks/TaskProvider
Event: 7.449 loading class org/gradle/api/tasks/TaskProvider done
Event: 7.449 loading class org/gradle/api/execution/TaskExecutionGraph
Event: 7.450 loading class org/gradle/api/execution/TaskExecutionGraph done
Event: 7.450 loading class com/android/build/gradle/internal/TaskManager
Event: 7.450 loading class com/android/build/gradle/internal/TaskManager done
Event: 7.450 loading class java/lang/reflect/WeakCache$LookupValue
Event: 7.450 loading class java/lang/reflect/WeakCache$LookupValue done


Dynamic libraries:
0x00007ff6c52b0000 - 0x00007ff6c52e1000 	C:\Program Files\Android\Android Studio\jre\bin\java.exe
0x00007ffcb7d30000 - 0x00007ffcb7f02000 	C:\Windows\SYSTEM32\ntdll.dll
0x00007ffcb56f0000 - 0x00007ffcb579c000 	C:\Windows\System32\KERNEL32.DLL
0x00007ffcb4230000 - 0x00007ffcb444d000 	C:\Windows\System32\KERNELBASE.dll
0x00007ffcb7960000 - 0x00007ffcb7a02000 	C:\Windows\System32\ADVAPI32.dll
0x00007ffcb7120000 - 0x00007ffcb71be000 	C:\Windows\System32\msvcrt.dll
0x00007ffcb7690000 - 0x00007ffcb76e9000 	C:\Windows\System32\sechost.dll
0x00007ffcb76f0000 - 0x00007ffcb7811000 	C:\Windows\System32\RPCRT4.dll
0x00007ffcb73f0000 - 0x00007ffcb7555000 	C:\Windows\System32\USER32.dll
0x00007ffcb52a0000 - 0x00007ffcb52be000 	C:\Windows\System32\win32u.dll
0x00007ffcb7cf0000 - 0x00007ffcb7d24000 	C:\Windows\System32\GDI32.dll
0x00007ffcb46c0000 - 0x00007ffcb4840000 	C:\Windows\System32\gdi32full.dll
0x00007ffcaf210000 - 0x00007ffcaf48a000 	C:\Windows\WinSxS\amd64_microsoft.windows.common-controls_6595b64144ccf1df_6.0.14393.953_none_42151e83c686086b\COMCTL32.dll
0x00007ffcb7a20000 - 0x00007ffcb7ce8000 	C:\Windows\System32\combase.dll
0x00007ffcb4500000 - 0x00007ffcb45f5000 	C:\Windows\System32\ucrtbase.dll
0x00007ffcb4650000 - 0x00007ffcb46ba000 	C:\Windows\System32\bcryptPrimitives.dll
0x00007ffcb6f20000 - 0x00007ffcb6f4e000 	C:\Windows\System32\IMM32.DLL
0x00000000522a0000 - 0x0000000052372000 	C:\Program Files\Android\Android Studio\jre\jre\bin\msvcr100.dll
0x0000000052460000 - 0x0000000052ca6000 	C:\Program Files\Android\Android Studio\jre\jre\bin\server\jvm.dll
0x00007ffcb71c0000 - 0x00007ffcb71c8000 	C:\Windows\System32\PSAPI.DLL
0x00007ffcb2810000 - 0x00007ffcb2819000 	C:\Windows\SYSTEM32\WSOCK32.dll
0x00007ffcb7620000 - 0x00007ffcb768a000 	C:\Windows\System32\WS2_32.dll
0x00007ffcb2580000 - 0x00007ffcb25a3000 	C:\Windows\SYSTEM32\WINMM.dll
0x00007ffcb0aa0000 - 0x00007ffcb0aaa000 	C:\Windows\SYSTEM32\VERSION.dll
0x00007ffcb2440000 - 0x00007ffcb246b000 	C:\Windows\SYSTEM32\WINMMBASE.dll
0x00007ffcb4600000 - 0x00007ffcb4642000 	C:\Windows\System32\cfgmgr32.dll
0x00007ffcb2800000 - 0x00007ffcb280f000 	C:\Program Files\Android\Android Studio\jre\jre\bin\verify.dll
0x00007ffc8e850000 - 0x00007ffc8e879000 	C:\Program Files\Android\Android Studio\jre\jre\bin\java.dll
0x00007ffcb27e0000 - 0x00007ffcb27f6000 	C:\Program Files\Android\Android Studio\jre\jre\bin\zip.dll
0x00007ffcb57a0000 - 0x00007ffcb6ca9000 	C:\Windows\System32\SHELL32.dll
0x00007ffcb4940000 - 0x00007ffcb5019000 	C:\Windows\System32\windows.storage.dll
0x00007ffcb41b0000 - 0x00007ffcb41fc000 	C:\Windows\System32\powrprof.dll
0x00007ffcb6ec0000 - 0x00007ffcb6f12000 	C:\Windows\System32\shlwapi.dll
0x00007ffcb41a0000 - 0x00007ffcb41af000 	C:\Windows\System32\kernel.appcore.dll
0x00007ffcb4450000 - 0x00007ffcb44f9000 	C:\Windows\System32\shcore.dll
0x00007ffcb4200000 - 0x00007ffcb4214000 	C:\Windows\System32\profapi.dll
0x00007ffcaab90000 - 0x00007ffcaabaa000 	C:\Program Files\Android\Android Studio\jre\jre\bin\net.dll
0x00007ffcb3ad0000 - 0x00007ffcb3b2c000 	C:\Windows\system32\mswsock.dll
0x00007ffc8e900000 - 0x00007ffc8e911000 	C:\Program Files\Android\Android Studio\jre\jre\bin\nio.dll
0x00007ffc8e380000 - 0x00007ffc8e3a6000 	C:\Users\mateu\.gradle\native\29\windows-amd64\native-platform.dll
0x00007ffcaabd0000 - 0x00007ffcaabdd000 	C:\Program Files\Android\Android Studio\jre\jre\bin\management.dll
0x00007ffcb3c70000 - 0x00007ffcb3c87000 	C:\Windows\SYSTEM32\CRYPTSP.dll
0x00007ffcb36d0000 - 0x00007ffcb3703000 	C:\Windows\system32\rsaenh.dll
0x00007ffcb3d80000 - 0x00007ffcb3dab000 	C:\Windows\SYSTEM32\bcrypt.dll
0x00007ffcb3950000 - 0x00007ffcb396f000 	C:\Windows\SYSTEM32\USERENV.dll
0x00007ffcb3c90000 - 0x00007ffcb3c9b000 	C:\Windows\SYSTEM32\CRYPTBASE.dll
0x00007ffcb3850000 - 0x00007ffcb3888000 	C:\Windows\SYSTEM32\IPHLPAPI.DLL
0x00007ffcb7110000 - 0x00007ffcb7118000 	C:\Windows\System32\NSI.dll
0x00007ffcb0b80000 - 0x00007ffcb0b96000 	C:\Windows\SYSTEM32\dhcpcsvc6.DLL
0x00007ffcb0b50000 - 0x00007ffcb0b6a000 	C:\Windows\SYSTEM32\dhcpcsvc.DLL
0x00007ffcad3e0000 - 0x00007ffcad572000 	C:\Windows\SYSTEM32\dbghelp.dll

VM Arguments:
jvm_args: -Xmx1536m -Dfile.encoding=windows-1250 -Duser.country=PL -Duser.language=pl -Duser.variant 
java_command: org.gradle.launcher.daemon.bootstrap.GradleDaemon 5.4.1
java_class_path (initial): C:\Users\mateu\.gradle\wrapper\dists\gradle-5.4.1-all\3221gyojl5jsh0helicew7rwx\gradle-5.4.1\lib\gradle-launcher-5.4.1.jar
Launcher Type: SUN_STANDARD

Environment Variables:
PATH=C:\Windows\system32;C:\Windows;C:\Windows\System32\Wbem;C:\Windows\System32\WindowsPowerShell\v1.0\;C:\Program Files\NVIDIA Corporation\NVIDIA NvDLISR;C:\Program Files (x86)\NVIDIA Corporation\PhysX\Common;C:\Program Files\Git\cmd;C:\Users\mateu\AppData\Local\Microsoft\WindowsApps;
USERNAME=mateu
OS=Windows_NT
PROCESSOR_IDENTIFIER=Intel64 Family 6 Model 94 Stepping 3, GenuineIntel



---------------  S Y S T E M  ---------------

OS: Windows 10.0 , 64 bit Build 14393 (10.0.14393.2189)

CPU:total 4 (initial active 4) (4 cores per cpu, 1 threads per core) family 6 model 94 stepping 3, cmov, cx8, fxsr, mmx, sse, sse2, sse3, ssse3, sse4.1, sse4.2, popcnt, avx, avx2, aes, clmul, erms, rtm, 3dnowpref, lzcnt, tsc, tscinvbit, bmi1, bmi2, adx

Memory: 4k page, physical 16722852k(13210764k free), swap 19737508k(15231992k free)

vm_info: OpenJDK 64-Bit Server VM (25.202-b03) for windows-amd64 JRE (1.8.0_202-release-1483-b03), built by "builder" with MS VC++ 10.0 (VS2010)

time: Sat Jan 04 20:44:20 2020
timezone: rodkowoeuropejski czas stand.
elapsed time: 7 seconds (0d 0h 0m 7s)

